<?xml version="1.0" encoding="UTF-8"?>
<!-- Generated by org.testng.reporters.JUnitXMLReporter -->
<testsuite ignored="0" hostname="RaviGone" failures="0" tests="3" name="Test" time="52.241" errors="0" timestamp="18 Aug 2021 15:59:37 GMT">
  <testcase classname="Day_012_MultipleSuits.Flipkart" name="Browser" time="40.568"/>
  <testcase classname="Day_012_MultipleSuits.OrangeHRM" name="Browser" time="44.431"/>
  <testcase classname="Day_012_MultipleSuits.Amazon" name="Browser" time="52.122"/>
</testsuite> <!-- Test -->
