<?xml version="1.0" encoding="UTF-8"?>
<!-- Generated by org.testng.reporters.JUnitXMLReporter -->
<testsuite ignored="0" hostname="RaviGone" failures="1" tests="2" name="Batch-Listeners" time="7.86" errors="0" timestamp="03 Sep 2021 09:28:34 GMT">
  <testcase classname="Day_023_TestNG_Listeners.TestCases" name="Test1" time="7.772"/>
  <testcase classname="Day_023_TestNG_Listeners.TestCases" name="Test2" time="0.017">
    <failure type="java.lang.AssertionError" message="expected [true] but found [false]">
      <![CDATA[java.lang.AssertionError: expected [true] but found [false]
at Day_023_TestNG_Listeners.TestCases.Test2(TestCases.java:38)
... Removed 29 stack frames]]>
    </failure>
  </testcase> <!-- Test2 -->
</testsuite> <!-- Batch-Listeners -->
