<?xml version="1.0" encoding="UTF-8"?>
<testng-results ignored="0" total="1" passed="0" failed="1" skipped="0">
  <reporter-output>
    <line>
      <![CDATA[<table> <tr >  <img   style="border:1px solid black;"      src="C:\HTML Report\HtmlTemplates\Logo2.JPEG"></tr><tr   ><center><font color="red"  size="15" >Custamize Emailable Report_2</font></center></tr><tr bgcolor="#9370DB"> <th width="100px"> <center><font color="white"  size="4" >Steps</font></center><font color="white"  size="4" ></font></center> </th> <th width="450px" ><center><font color="white"  size="4" >Details </font> </center></th> <th width="100px" ><center><font color="white"  size="4" >Status</font></center></th>  <th  width="250px"  ><center><font color="white"  size="4" >Screen Shots</font></center></th> <th width="250px"  ><center><font color="white"  size="4" >Date & Time</font></center></th>  </tr>       ]]>
    </line>
    <line>
      <![CDATA[ <tr bgcolor="#eee"> <th width="100px"> <center>Step&nbsp;1</center> </th> <th width="450px" ><center><b><font color='black'>   Opened Orange HRM</b> </font></center></th> <th width="100px" ><center><img src='file:///C:\HTML Report\HtmlTemplates\passed.ico'    +     "width="30" + height="30"></img></center></th>  <th  width="250px"  ><center><a href=D:/eclipsc/Html_Reports/Test_Out_Put/ScreenShots/Custamize Emailable Report_2_2021_Sep_04_9_45_51_703_PM/04_Sep_2021 9_46_03_135 PM.png target="popup" onclick="window.open('D:/eclipsc/Html_Reports/Test_Out_Put/ScreenShots/Custamize Emailable Report_2_2021_Sep_04_9_45_51_703_PM/04_Sep_2021 9_46_03_135 PM.png','popup','width=600,height=600'); return false;"> ScreenShot</a> </center></th> <th width="250px"  ><center>2021_Sep_04_9_46_03_840_PM</center></th>  </tr>      ]]>
    </line>
    <line>
      <![CDATA[ <tr bgcolor="#ddd"> <th width="100px"> <center>Step&nbsp;2</center> </th> <th width="450px" ><center><b><font color='black'>   Username Entered</b> </font></center></th> <th width="100px" ><center><img src='file:///C:\HTML Report\HtmlTemplates\passed.ico'    +     "width="30" + height="30"></img></center></th>  <th  width="250px"  ><center><a href=D:/eclipsc/Html_Reports/Test_Out_Put/ScreenShots/Custamize Emailable Report_2_2021_Sep_04_9_45_51_703_PM/04_Sep_2021 9_46_03_981 PM.png target="popup" onclick="window.open('D:/eclipsc/Html_Reports/Test_Out_Put/ScreenShots/Custamize Emailable Report_2_2021_Sep_04_9_45_51_703_PM/04_Sep_2021 9_46_03_981 PM.png','popup','width=600,height=600'); return false;"> ScreenShot</a> </center></th> <th width="250px"  ><center>2021_Sep_04_9_46_04_195_PM</center></th>  </tr>      ]]>
    </line>
    <line>
      <![CDATA[ <tr bgcolor="#eee"> <th width="100px"> <center>Step&nbsp;3</center> </th> <th width="450px" ><center><b><font color='black'>   Password Entered</b> </font></center></th> <th width="100px" ><center><img src='file:///C:\HTML Report\HtmlTemplates\passed.ico'    +     "width="30" + height="30"></img></center></th>  <th  width="250px"  ><center><a href=D:/eclipsc/Html_Reports/Test_Out_Put/ScreenShots/Custamize Emailable Report_2_2021_Sep_04_9_45_51_703_PM/04_Sep_2021 9_46_04_309 PM.png target="popup" onclick="window.open('D:/eclipsc/Html_Reports/Test_Out_Put/ScreenShots/Custamize Emailable Report_2_2021_Sep_04_9_45_51_703_PM/04_Sep_2021 9_46_04_309 PM.png','popup','width=600,height=600'); return false;"> ScreenShot</a> </center></th> <th width="250px"  ><center>2021_Sep_04_9_46_04_526_PM</center></th>  </tr>      ]]>
    </line>
    <line>
      <![CDATA[ <tr bgcolor="#ddd"> <th width="100px"> <center>Step&nbsp;4</center> </th> <th width="450px" ><center><b><font color='black'>   Clicked on Signin</b> </font></center></th> <th width="100px" ><center><img src='file:///C:\HTML Report\HtmlTemplates\failed.ico'    +     "width="30" + height="30"></img></center></th>  <th  width="250px"  ><center><a href=D:/eclipsc/Html_Reports/Test_Out_Put/ScreenShots/Custamize Emailable Report_2_2021_Sep_04_9_45_51_703_PM/04_Sep_2021 9_46_10_900 PM.png target="popup" onclick="window.open('D:/eclipsc/Html_Reports/Test_Out_Put/ScreenShots/Custamize Emailable Report_2_2021_Sep_04_9_45_51_703_PM/04_Sep_2021 9_46_10_900 PM.png','popup','width=600,height=600'); return false;"> ScreenShot</a> </center></th> <th width="250px"  ><center>2021_Sep_04_9_46_11_204_PM</center></th>  </tr>      ]]>
    </line>
  </reporter-output>
  <suite started-at="2021-09-04T16:15:48Z" name="Default suite" finished-at="2021-09-04T16:16:11Z" duration-ms="22840">
    <groups>
    </groups>
    <test started-at="2021-09-04T16:15:48Z" name="Default test" finished-at="2021-09-04T16:16:11Z" duration-ms="22840">
      <class name="Day_009_Custimize_EmailableReport_Lab1.Test2_Skills">
        <test-method signature="Custamize_Report_2()[pri:0, instance:Day_009_Custimize_EmailableReport_Lab1.Test2_Skills@1a942c18]" started-at="2021-09-04T16:15:48Z" name="Custamize_Report_2" finished-at="2021-09-04T16:16:11Z" duration-ms="22767" status="FAIL">
          <exception class="org.openqa.selenium.NoSuchSessionException">
            <message>
              <![CDATA[invalid session id
Build info: version: '3.141.59', revision: 'e82be7d358', time: '2018-11-14T08:17:03'
System info: host: 'RAVIGONE', ip: '192.168.0.11', os.name: 'Windows 10', os.arch: 'amd64', os.version: '10.0', java.version: '12.0.1'
Driver info: org.openqa.selenium.chrome.ChromeDriver
Capabilities {acceptInsecureCerts: false, browserName: chrome, browserVersion: 92.0.4515.159, chrome: {chromedriverVersion: 92.0.4515.107 (87a818b10553..., userDataDir: C:\Users\HP\AppData\Local\T...}, goog:chromeOptions: {debuggerAddress: localhost:11645}, javascriptEnabled: true, networkConnectionEnabled: false, pageLoadStrategy: normal, platform: WINDOWS, platformName: WINDOWS, proxy: Proxy(), setWindowRect: true, strictFileInteractability: false, timeouts: {implicit: 0, pageLoad: 300000, script: 30000}, unhandledPromptBehavior: dismiss and notify, webauthn:extension:credBlob: true, webauthn:extension:largeBlob: true, webauthn:virtualAuthenticators: true}
Session ID: 3e6202234a2e18c928fa95f07215f4af
*** Element info: {Using=id, value=menu_admin_viewAdminModule}]]>
            </message>
            <full-stacktrace>
              <![CDATA[org.openqa.selenium.NoSuchSessionException: invalid session id
Build info: version: '3.141.59', revision: 'e82be7d358', time: '2018-11-14T08:17:03'
System info: host: 'RAVIGONE', ip: '192.168.0.11', os.name: 'Windows 10', os.arch: 'amd64', os.version: '10.0', java.version: '12.0.1'
Driver info: org.openqa.selenium.chrome.ChromeDriver
Capabilities {acceptInsecureCerts: false, browserName: chrome, browserVersion: 92.0.4515.159, chrome: {chromedriverVersion: 92.0.4515.107 (87a818b10553..., userDataDir: C:\Users\HP\AppData\Local\T...}, goog:chromeOptions: {debuggerAddress: localhost:11645}, javascriptEnabled: true, networkConnectionEnabled: false, pageLoadStrategy: normal, platform: WINDOWS, platformName: WINDOWS, proxy: Proxy(), setWindowRect: true, strictFileInteractability: false, timeouts: {implicit: 0, pageLoad: 300000, script: 30000}, unhandledPromptBehavior: dismiss and notify, webauthn:extension:credBlob: true, webauthn:extension:largeBlob: true, webauthn:virtualAuthenticators: true}
Session ID: 3e6202234a2e18c928fa95f07215f4af
*** Element info: {Using=id, value=menu_admin_viewAdminModule}
at java.base/jdk.internal.reflect.NativeConstructorAccessorImpl.newInstance0(Native Method)
at java.base/jdk.internal.reflect.NativeConstructorAccessorImpl.newInstance(NativeConstructorAccessorImpl.java:62)
at java.base/jdk.internal.reflect.DelegatingConstructorAccessorImpl.newInstance(DelegatingConstructorAccessorImpl.java:45)
at java.base/java.lang.reflect.Constructor.newInstanceWithCaller(Constructor.java:500)
at java.base/java.lang.reflect.Constructor.newInstance(Constructor.java:481)
at org.openqa.selenium.remote.http.W3CHttpResponseCodec.createException(W3CHttpResponseCodec.java:187)
at org.openqa.selenium.remote.http.W3CHttpResponseCodec.decode(W3CHttpResponseCodec.java:122)
at org.openqa.selenium.remote.http.W3CHttpResponseCodec.decode(W3CHttpResponseCodec.java:49)
at org.openqa.selenium.remote.HttpCommandExecutor.execute(HttpCommandExecutor.java:158)
at org.openqa.selenium.remote.service.DriverCommandExecutor.execute(DriverCommandExecutor.java:83)
at org.openqa.selenium.remote.RemoteWebDriver.execute(RemoteWebDriver.java:552)
at org.openqa.selenium.remote.RemoteWebDriver.findElement(RemoteWebDriver.java:323)
at org.openqa.selenium.remote.RemoteWebDriver.findElementById(RemoteWebDriver.java:372)
at org.openqa.selenium.By$ById.findElement(By.java:188)
at org.openqa.selenium.remote.RemoteWebDriver.findElement(RemoteWebDriver.java:315)
at Day_009_Custimize_EmailableReport_Lab1.Test2_Skills.findElement(Test2_Skills.java:112)
at Day_009_Custimize_EmailableReport_Lab1.Test2_Skills.AddSkills(Test2_Skills.java:70)
at Day_009_Custimize_EmailableReport_Lab1.Test2_Skills.Custamize_Report_2(Test2_Skills.java:27)
at java.base/jdk.internal.reflect.NativeMethodAccessorImpl.invoke0(Native Method)
at java.base/jdk.internal.reflect.NativeMethodAccessorImpl.invoke(NativeMethodAccessorImpl.java:62)
at java.base/jdk.internal.reflect.DelegatingMethodAccessorImpl.invoke(DelegatingMethodAccessorImpl.java:43)
at java.base/java.lang.reflect.Method.invoke(Method.java:567)
at org.testng.internal.MethodInvocationHelper.invokeMethod(MethodInvocationHelper.java:124)
at org.testng.internal.Invoker.invokeMethod(Invoker.java:580)
at org.testng.internal.Invoker.invokeTestMethod(Invoker.java:716)
at org.testng.internal.Invoker.invokeTestMethods(Invoker.java:988)
at org.testng.internal.TestMethodWorker.invokeTestMethods(TestMethodWorker.java:125)
at org.testng.internal.TestMethodWorker.run(TestMethodWorker.java:109)
at org.testng.TestRunner.privateRun(TestRunner.java:648)
at org.testng.TestRunner.run(TestRunner.java:505)
at org.testng.SuiteRunner.runTest(SuiteRunner.java:455)
at org.testng.SuiteRunner.runSequentially(SuiteRunner.java:450)
at org.testng.SuiteRunner.privateRun(SuiteRunner.java:415)
at org.testng.SuiteRunner.run(SuiteRunner.java:364)
at org.testng.SuiteRunnerWorker.runSuite(SuiteRunnerWorker.java:52)
at org.testng.SuiteRunnerWorker.run(SuiteRunnerWorker.java:84)
at org.testng.TestNG.runSuitesSequentially(TestNG.java:1208)
at org.testng.TestNG.runSuitesLocally(TestNG.java:1137)
at org.testng.TestNG.runSuites(TestNG.java:1049)
at org.testng.TestNG.run(TestNG.java:1017)
at org.testng.remote.AbstractRemoteTestNG.run(AbstractRemoteTestNG.java:115)
at org.testng.remote.RemoteTestNG.initAndRun(RemoteTestNG.java:251)
at org.testng.remote.RemoteTestNG.main(RemoteTestNG.java:77)
]]>
            </full-stacktrace>
          </exception> <!-- org.openqa.selenium.NoSuchSessionException -->
          <reporter-output>
            <line>
              <![CDATA[<table> <tr >  <img   style="border:1px solid black;"      src="C:\HTML Report\HtmlTemplates\Logo2.JPEG"></tr><tr   ><center><font color="red"  size="15" >Custamize Emailable Report_2</font></center></tr><tr bgcolor="#9370DB"> <th width="100px"> <center><font color="white"  size="4" >Steps</font></center><font color="white"  size="4" ></font></center> </th> <th width="450px" ><center><font color="white"  size="4" >Details </font> </center></th> <th width="100px" ><center><font color="white"  size="4" >Status</font></center></th>  <th  width="250px"  ><center><font color="white"  size="4" >Screen Shots</font></center></th> <th width="250px"  ><center><font color="white"  size="4" >Date & Time</font></center></th>  </tr>       ]]>
            </line>
            <line>
              <![CDATA[ <tr bgcolor="#eee"> <th width="100px"> <center>Step&nbsp;1</center> </th> <th width="450px" ><center><b><font color='black'>   Opened Orange HRM</b> </font></center></th> <th width="100px" ><center><img src='file:///C:\HTML Report\HtmlTemplates\passed.ico'    +     "width="30" + height="30"></img></center></th>  <th  width="250px"  ><center><a href=D:/eclipsc/Html_Reports/Test_Out_Put/ScreenShots/Custamize Emailable Report_2_2021_Sep_04_9_45_51_703_PM/04_Sep_2021 9_46_03_135 PM.png target="popup" onclick="window.open('D:/eclipsc/Html_Reports/Test_Out_Put/ScreenShots/Custamize Emailable Report_2_2021_Sep_04_9_45_51_703_PM/04_Sep_2021 9_46_03_135 PM.png','popup','width=600,height=600'); return false;"> ScreenShot</a> </center></th> <th width="250px"  ><center>2021_Sep_04_9_46_03_840_PM</center></th>  </tr>      ]]>
            </line>
            <line>
              <![CDATA[ <tr bgcolor="#ddd"> <th width="100px"> <center>Step&nbsp;2</center> </th> <th width="450px" ><center><b><font color='black'>   Username Entered</b> </font></center></th> <th width="100px" ><center><img src='file:///C:\HTML Report\HtmlTemplates\passed.ico'    +     "width="30" + height="30"></img></center></th>  <th  width="250px"  ><center><a href=D:/eclipsc/Html_Reports/Test_Out_Put/ScreenShots/Custamize Emailable Report_2_2021_Sep_04_9_45_51_703_PM/04_Sep_2021 9_46_03_981 PM.png target="popup" onclick="window.open('D:/eclipsc/Html_Reports/Test_Out_Put/ScreenShots/Custamize Emailable Report_2_2021_Sep_04_9_45_51_703_PM/04_Sep_2021 9_46_03_981 PM.png','popup','width=600,height=600'); return false;"> ScreenShot</a> </center></th> <th width="250px"  ><center>2021_Sep_04_9_46_04_195_PM</center></th>  </tr>      ]]>
            </line>
            <line>
              <![CDATA[ <tr bgcolor="#eee"> <th width="100px"> <center>Step&nbsp;3</center> </th> <th width="450px" ><center><b><font color='black'>   Password Entered</b> </font></center></th> <th width="100px" ><center><img src='file:///C:\HTML Report\HtmlTemplates\passed.ico'    +     "width="30" + height="30"></img></center></th>  <th  width="250px"  ><center><a href=D:/eclipsc/Html_Reports/Test_Out_Put/ScreenShots/Custamize Emailable Report_2_2021_Sep_04_9_45_51_703_PM/04_Sep_2021 9_46_04_309 PM.png target="popup" onclick="window.open('D:/eclipsc/Html_Reports/Test_Out_Put/ScreenShots/Custamize Emailable Report_2_2021_Sep_04_9_45_51_703_PM/04_Sep_2021 9_46_04_309 PM.png','popup','width=600,height=600'); return false;"> ScreenShot</a> </center></th> <th width="250px"  ><center>2021_Sep_04_9_46_04_526_PM</center></th>  </tr>      ]]>
            </line>
            <line>
              <![CDATA[ <tr bgcolor="#ddd"> <th width="100px"> <center>Step&nbsp;4</center> </th> <th width="450px" ><center><b><font color='black'>   Clicked on Signin</b> </font></center></th> <th width="100px" ><center><img src='file:///C:\HTML Report\HtmlTemplates\failed.ico'    +     "width="30" + height="30"></img></center></th>  <th  width="250px"  ><center><a href=D:/eclipsc/Html_Reports/Test_Out_Put/ScreenShots/Custamize Emailable Report_2_2021_Sep_04_9_45_51_703_PM/04_Sep_2021 9_46_10_900 PM.png target="popup" onclick="window.open('D:/eclipsc/Html_Reports/Test_Out_Put/ScreenShots/Custamize Emailable Report_2_2021_Sep_04_9_45_51_703_PM/04_Sep_2021 9_46_10_900 PM.png','popup','width=600,height=600'); return false;"> ScreenShot</a> </center></th> <th width="250px"  ><center>2021_Sep_04_9_46_11_204_PM</center></th>  </tr>      ]]>
            </line>
          </reporter-output>
        </test-method> <!-- Custamize_Report_2 -->
      </class> <!-- Day_009_Custimize_EmailableReport_Lab1.Test2_Skills -->
    </test> <!-- Default test -->
  </suite> <!-- Default suite -->
</testng-results>
